<?xml version="1.0" encoding="UTF-8"?>
<!-- Generated by org.testng.reporters.JUnitReportReporter -->
<testsuite hostname="MANJIT" name="Test" tests="1" failures="0" timestamp="30 Aug 2017 19:50:14 GMT" time="0.740" errors="0">
  <testcase name="test_001" time="0.740" classname="Test"/>
</testsuite> <!-- Test -->
